C:\USERS\T-SVENK\DOCUMENTS\VISUAL STUDIO 2010\PROJECTS\MAYHEM-DEV\OPENCVDLL\RELEASE\.NETFRAMEWORK,VERSION=V4.0.ASSEMBLYATTRIBUTES.OBJ
C:\USERS\T-SVENK\DOCUMENTS\VISUAL STUDIO 2010\PROJECTS\MAYHEM-DEV\OPENCVDLL\RELEASE\APP.RES
C:\USERS\T-SVENK\DOCUMENTS\VISUAL STUDIO 2010\PROJECTS\MAYHEM-DEV\OPENCVDLL\RELEASE\ASSEMBLYINFO.OBJ
C:\Users\t-svenk\Documents\Visual Studio 2010\Projects\mayhem-dev\OpenCVDLL\Release\cl.command.1.tlog
C:\Users\t-svenk\Documents\Visual Studio 2010\Projects\mayhem-dev\OpenCVDLL\Release\CL.read.1.tlog
C:\Users\t-svenk\Documents\Visual Studio 2010\Projects\mayhem-dev\OpenCVDLL\Release\CL.write.1.tlog
C:\Users\t-svenk\Documents\Visual Studio 2010\Projects\mayhem-dev\OpenCVDLL\Release\link.command.1.tlog
C:\Users\t-svenk\Documents\Visual Studio 2010\Projects\mayhem-dev\OpenCVDLL\Release\link.read.1.tlog
C:\Users\t-svenk\Documents\Visual Studio 2010\Projects\mayhem-dev\OpenCVDLL\Release\link.read.2.tlog
C:\Users\t-svenk\Documents\Visual Studio 2010\Projects\mayhem-dev\OpenCVDLL\Release\link.write.1.tlog
C:\Users\t-svenk\Documents\Visual Studio 2010\Projects\mayhem-dev\OpenCVDLL\Release\link-cvtres.read.1.tlog
C:\Users\t-svenk\Documents\Visual Studio 2010\Projects\mayhem-dev\OpenCVDLL\Release\link-cvtres.write.1.tlog
C:\Users\t-svenk\Documents\Visual Studio 2010\Projects\mayhem-dev\OpenCVDLL\Release\mt.command.1.tlog
C:\Users\t-svenk\Documents\Visual Studio 2010\Projects\mayhem-dev\OpenCVDLL\Release\mt.read.1.tlog
C:\Users\t-svenk\Documents\Visual Studio 2010\Projects\mayhem-dev\OpenCVDLL\Release\mt.write.1.tlog
C:\USERS\T-SVENK\DOCUMENTS\VISUAL STUDIO 2010\PROJECTS\MAYHEM-DEV\OPENCVDLL\RELEASE\OPENCVDLL.DLL.INTERMEDIATE.MANIFEST
C:\USERS\T-SVENK\DOCUMENTS\VISUAL STUDIO 2010\PROJECTS\MAYHEM-DEV\OPENCVDLL\RELEASE\OPENCVDLL.OBJ
C:\USERS\T-SVENK\DOCUMENTS\VISUAL STUDIO 2010\PROJECTS\MAYHEM-DEV\OPENCVDLL\RELEASE\OPENCVDLL.PCH
C:\Users\t-svenk\Documents\Visual Studio 2010\Projects\mayhem-dev\OpenCVDLL\Release\OpenCVDLL.write.1.tlog
C:\Users\t-svenk\Documents\Visual Studio 2010\Projects\mayhem-dev\OpenCVDLL\Release\rc.command.1.tlog
C:\Users\t-svenk\Documents\Visual Studio 2010\Projects\mayhem-dev\OpenCVDLL\Release\rc.read.1.tlog
C:\Users\t-svenk\Documents\Visual Studio 2010\Projects\mayhem-dev\OpenCVDLL\Release\rc.write.1.tlog
C:\Users\t-svenk\Documents\Visual Studio 2010\Projects\mayhem-dev\OpenCVDLL\Release\ResolveAssemblyReference.cache
C:\USERS\T-SVENK\DOCUMENTS\VISUAL STUDIO 2010\PROJECTS\MAYHEM-DEV\OPENCVDLL\RELEASE\STDAFX.OBJ
C:\USERS\T-SVENK\DOCUMENTS\VISUAL STUDIO 2010\PROJECTS\MAYHEM-DEV\OPENCVDLL\RELEASE\VC100.PDB
C:\Users\t-svenk\Documents\Visual Studio 2010\Projects\mayhem-dev\Release\MayhemOpenCVWrapper.dll
C:\Users\t-svenk\Documents\Visual Studio 2010\Projects\mayhem-dev\Release\MayhemOpenCVWrapper.pdb
C:\USERS\T-SVENK\DOCUMENTS\VISUAL STUDIO 2010\PROJECTS\MAYHEM-DEV\RELEASE\OPENCVDLL.DLL
C:\USERS\T-SVENK\DOCUMENTS\VISUAL STUDIO 2010\PROJECTS\MAYHEM-DEV\RELEASE\OPENCVDLL.PDB
