C:\USERS\SVEN\MAYHEM-DEV\REPO\DEBUG\OPENCVDLL.DLL
C:\USERS\SVEN\MAYHEM-DEV\REPO\DEBUG\OPENCVDLL.ILK
C:\USERS\SVEN\MAYHEM-DEV\REPO\DEBUG\OPENCVDLL.PDB
C:\USERS\SVEN\MAYHEM-DEV\REPO\OPENCVDLL\DEBUG\.NETFRAMEWORK,VERSION=V4.0.ASSEMBLYATTRIBUTES.OBJ
C:\USERS\SVEN\MAYHEM-DEV\REPO\OPENCVDLL\DEBUG\APP.RES
C:\USERS\SVEN\MAYHEM-DEV\REPO\OPENCVDLL\DEBUG\ASSEMBLYINFO.OBJ
C:\Users\sven\mayhem-dev\repo\OpenCVDLL\Debug\cl.command.1.tlog
C:\Users\sven\mayhem-dev\repo\OpenCVDLL\Debug\CL.read.1.tlog
C:\Users\sven\mayhem-dev\repo\OpenCVDLL\Debug\CL.write.1.tlog
C:\Users\sven\mayhem-dev\repo\OpenCVDLL\Debug\link.2608.read.1.tlog
C:\Users\sven\mayhem-dev\repo\OpenCVDLL\Debug\link.2608.read.2.tlog
C:\Users\sven\mayhem-dev\repo\OpenCVDLL\Debug\link.2608.write.1.tlog
C:\Users\sven\mayhem-dev\repo\OpenCVDLL\Debug\link.2608-cvtres.read.1.tlog
C:\Users\sven\mayhem-dev\repo\OpenCVDLL\Debug\link.2608-cvtres.write.1.tlog
C:\Users\sven\mayhem-dev\repo\OpenCVDLL\Debug\link.command.1.tlog
C:\Users\sven\mayhem-dev\repo\OpenCVDLL\Debug\link.read.1.tlog
C:\Users\sven\mayhem-dev\repo\OpenCVDLL\Debug\link.write.1.tlog
C:\Users\sven\mayhem-dev\repo\OpenCVDLL\Debug\mt.command.1.tlog
C:\Users\sven\mayhem-dev\repo\OpenCVDLL\Debug\mt.read.1.tlog
C:\Users\sven\mayhem-dev\repo\OpenCVDLL\Debug\mt.write.1.tlog
C:\USERS\SVEN\MAYHEM-DEV\REPO\OPENCVDLL\DEBUG\OPENCVDLL.DLL.INTERMEDIATE.MANIFEST
C:\USERS\SVEN\MAYHEM-DEV\REPO\OPENCVDLL\DEBUG\OPENCVDLL.OBJ
C:\USERS\SVEN\MAYHEM-DEV\REPO\OPENCVDLL\DEBUG\OPENCVDLL.PCH
C:\Users\sven\mayhem-dev\repo\OpenCVDLL\Debug\OpenCVDLL.write.1.tlog
C:\Users\sven\mayhem-dev\repo\OpenCVDLL\Debug\rc.command.1.tlog
C:\Users\sven\mayhem-dev\repo\OpenCVDLL\Debug\rc.read.1.tlog
C:\Users\sven\mayhem-dev\repo\OpenCVDLL\Debug\rc.write.1.tlog
C:\USERS\SVEN\MAYHEM-DEV\REPO\OPENCVDLL\DEBUG\STDAFX.OBJ
C:\USERS\SVEN\MAYHEM-DEV\REPO\OPENCVDLL\DEBUG\VC100.PDB
